test_supported_input (bokeh.charts.builder.tests.test_area_builder.TestAreaBuilder) ... ok
test_all_negative_input (bokeh.charts.builder.tests.test_bar_builder.TestBar) ... ok
test_all_positive_input (bokeh.charts.builder.tests.test_bar_builder.TestBar) ... ok
test_invalid_continuous_range_raises_error (bokeh.charts.builder.tests.test_bar_builder.TestBar) ... ok
test_mixed_sign_input (bokeh.charts.builder.tests.test_bar_builder.TestBar) ... ok
test_non_range1d_continuous_range_raises_value_error (bokeh.charts.builder.tests.test_bar_builder.TestBar) ... ok
test_set_custom_continuous_range (bokeh.charts.builder.tests.test_bar_builder.TestBar) ... ok
test_supported_input (bokeh.charts.builder.tests.test_bar_builder.TestBar) ... ok
test_no_outliers (bokeh.charts.builder.tests.test_boxplot_builder.TestBoxPlot) ... ok
test_supported_input (bokeh.charts.builder.tests.test_boxplot_builder.TestBoxPlot) ... ok
test_supported_input (bokeh.charts.builder.tests.test_donut_builder.TestDonut) ... ok
test_supported_input (bokeh.charts.builder.tests.test_dot_builder.TestDot) ... ok
test_supported_input (bokeh.charts.builder.tests.test_heatmap_builder.TestHeatMap) ... ok
test_histogram_params (bokeh.charts.builder.tests.test_histogram_builder.TestHistogram) ... ok
test_supported_input (bokeh.charts.builder.tests.test_histogram_builder.TestHistogram) ... ok
test_supported_input (bokeh.charts.builder.tests.test_horizon_builder.TestHorizon) ... ok
test_supported_input (bokeh.charts.builder.tests.test_line_builder.TestLine) ... ok
test_supported_input (bokeh.charts.builder.tests.test_scatter_builder.TestScatter) ... ok
test_supported_input (bokeh.charts.builder.tests.test_step_builder.TestStep) ... ok
test_supported_input (bokeh.charts.builder.tests.test_timeseries_builder.TestTimeSeries) ... ok
test_instantiate (test_builder.TestBuilder) ... ok
test_yscale (test_chart.TestChart) ... ok
test_ylabel (test_chart.TestChart) ... ok
test_xscale (test_chart.TestChart) ... ok
test_xlabel (test_chart.TestChart) ... ok
test_width (test_chart.TestChart) ... ok
test_title (test_chart.TestChart) ... ok
test_server (test_chart.TestChart) ... ok
test_ranges (test_chart.TestChart) ... ok
test_notebook (test_chart.TestChart) ... ok
test_make_grid (test_chart.TestChart) ... ok
test_make_axis (test_chart.TestChart) ... ok
test_legend (test_chart.TestChart) ... ok
test_height (test_chart.TestChart) ... ok
test_filename (test_chart.TestChart) ... ok
test_chart_tools_linear (test_chart.TestChart) ... ok
test_pandas (test_data_adapter.TestDataAdapter) ... ok
test_ordered_dict (test_data_adapter.TestDataAdapter) ... ok
test_list (test_data_adapter.TestDataAdapter) ... ok
test_blaze_data_no_fields (test_data_adapter.TestDataAdapter) ... ok
test_array (test_data_adapter.TestDataAdapter) ... ok
test_chunk (test_utils.TestBuilder) ... ok
test_arg_and_kwarg (bokeh.models.tests.test_plots.TestPlotSelect) ... ok
test_kwargs (bokeh.models.tests.test_plots.TestPlotSelect) ... ok
test_no_input (bokeh.models.tests.test_plots.TestPlotSelect) ... ok
test_string_arg (bokeh.models.tests.test_plots.TestPlotSelect) ... ok
test_too_many_args (bokeh.models.tests.test_plots.TestPlotSelect) ... ok
test_type_arg (bokeh.models.tests.test_plots.TestPlotSelect) ... ok
test_login_required (bokeh.server.tests.auth_test) ... ok
test_handle_auth_error_decorator (bokeh.server.tests.cow_tests.AuthTestCase) ... 
test_permissions_with_temporary_docid (bokeh.server.tests.cow_tests.AuthTestCase) ... ok
test_read_auth_checks_both_fields (bokeh.server.tests.cow_tests.AuthTestCase) ... ok
test_write_auth_checks_rw_users_field (bokeh.server.tests.cow_tests.AuthTestCase) ... ok
test_write_auth_ignores_r_users_field (bokeh.server.tests.cow_tests.AuthTestCase) ... ok
test_publish (bokeh.server.tests.cow_tests.PublishTestCase) ... ok
test_publish_fails_for_invalid_auth (bokeh.server.tests.cow_tests.PublishTestCase) ... ok
test_base_object_exists_in_cow_context (bokeh.server.tests.cow_tests.TransactionManagerTestCase) ... ok
test_cannot_gc_read_only_context (bokeh.server.tests.cow_tests.TransactionManagerTestCase) ... ok
test_cannot_save_to_read_only_context (bokeh.server.tests.cow_tests.TransactionManagerTestCase) ... ok
test_transaction_with_anonymous_user (bokeh.server.tests.cow_tests.TransactionManagerTestCase) ... ok
test_writing_in_cow_context_does_not_modify_original (bokeh.server.tests.cow_tests.TransactionManagerTestCase) ... ok
test_writing_in_cow_context_persists (bokeh.server.tests.cow_tests.TransactionManagerTestCase) ... ok
test_login1 (bokeh.server.tests.multiuser_auth_test.TestMultiUserAuth) ... ok
test_login2 (bokeh.server.tests.multiuser_auth_test.TestMultiUserAuth) ... ok
test_login_configuration (bokeh.server.tests.multiuser_auth_test.TestMultiUserAuth) ... ok
test_register (bokeh.server.tests.multiuser_auth_test.TestMultiUserAuth) ... ok
test_register_configuration (bokeh.server.tests.multiuser_auth_test.TestMultiUserAuth) ... ok
test_register_twice_should_fail (bokeh.server.tests.multiuser_auth_test.TestMultiUserAuth) ... ok
test_auth_user (bokeh.server.tests.usermodel_test.TestUser) ... ok
test_cant_create_twice (bokeh.server.tests.usermodel_test.TestUser) ... ok
test_basic_subscribe (bokeh.server.tests.wsmanager_test.TestSubscribeWebSocket) ... ok
test_with_method (bokeh.util.tests.test_serialization.TestGetJson) ... ok
test_with_property (bokeh.util.tests.test_serialization.TestGetJson) ... ok
test_jsonapply (bokeh.util.tests.test_serialization.TestJsonapply) ... ok
test_basic (bokeh.util.tests.test_serialization.TestMakeId) ... ok
test_simple_ids (bokeh.util.tests.test_serialization.TestMakeId) ... ok
test_urljoin (bokeh.util.tests.test_serialization.TestUrlJoin) ... ok
test_print (bokeh.util.tests.test_testing.TestPrintVersions) ... ok
test_version_defined (bokeh.tests.test_bokeh_init.TestContents) ... ok
test_dir (bokeh.tests.test_bokeh_init.TestContents) ... ok
test_repr (bokeh.tests.test_colors.TestColor) ... ok
test_lighten (bokeh.tests.test_colors.TestColor) ... ok
test_darken (bokeh.tests.test_colors.TestColor) ... ok
test_clamp (bokeh.tests.test_colors.TestColor) ... ok
test_basic (bokeh.tests.test_colors.TestColor) ... ok
test_abstract (bokeh.tests.test_colors.TestColor) ... ok
test_to_hsl (bokeh.tests.test_colors.TestHSL) ... ok
test_to_css (bokeh.tests.test_colors.TestHSL) ... ok
test_repr (bokeh.tests.test_colors.TestHSL) ... ok
test_from_hsl (bokeh.tests.test_colors.TestHSL) ... ok
test_basic (bokeh.tests.test_colors.TestHSL) ... ok
test_to_css (bokeh.tests.test_colors.TestNamedColor) ... ok
test_repr (bokeh.tests.test_colors.TestNamedColor) ... ok
test_basic (bokeh.tests.test_colors.TestNamedColor) ... ok
test_to_rgb (bokeh.tests.test_colors.TestRGB) ... ok
test_to_hex (bokeh.tests.test_colors.TestRGB) ... ok
test_to_css (bokeh.tests.test_colors.TestRGB) ... ok
test_repr (bokeh.tests.test_colors.TestRGB) ... ok
test_from_rgb (bokeh.tests.test_colors.TestRGB) ... ok
test_basic (bokeh.tests.test_colors.TestRGB) ... ok
test_merge (bokeh.tests.test_document.TestDocument) ... ok
test_context (bokeh.tests.test_document.TestDocument) ... ok
test_basic_with_json_objs (bokeh.tests.test_document.TestDocument) ... ok
test_basic (bokeh.tests.test_document.TestDocument) ... ok
test_autostore (bokeh.tests.test_document.TestDocument) ... ok
test_autoadd (bokeh.tests.test_document.TestDocument) ... ok
test_add (bokeh.tests.test_document.TestDocument) ... ok
test_script_attrs (bokeh.tests.test_embed.TestAutoloadServer) ... ok
test_return_type (bokeh.tests.test_embed.TestAutoloadServer) ... ok
test_script_attrs (bokeh.tests.test_embed.TestAutoloadStatic) ... ok
test_return_type (bokeh.tests.test_embed.TestAutoloadStatic) ... ok
test_invalid_resources (bokeh.tests.test_embed.TestAutoloadStatic) ... ok
test_return_type (bokeh.tests.test_embed.TestComponents) ... ok
test_result_attrs (bokeh.tests.test_embed.TestComponents) ... ok
test_div_attrs (bokeh.tests.test_embed.TestComponents) ... ok
test_return_type (bokeh.tests.test_embed.TestFileHTML) ... ok
test_return_type (bokeh.tests.test_embed.TestNotebookDiv) ... ok
test_result_attrs (bokeh.tests.test_embed.TestNotebookDiv) ... ok
test_div_attrs (bokeh.tests.test_embed.TestNotebookDiv) ... ok
test_type (bokeh.tests.test_io.TestDefaultState) ... ok
test_noarg (bokeh.tests.test_io.TestOutputNotebook) ... ok
test_args (bokeh.tests.test_io.TestOutputNotebook) ... ok
test_noarg (bokeh.tests.test_io.TestOutputServer) ... ok
test_args (bokeh.tests.test_io.TestOutputServer) ... ok
test_session_document_args (bokeh.tests.test_io.TestPush) ... ok
test_session_arg (bokeh.tests.test_io.TestPush) ... ok
test_noargs (bokeh.tests.test_io.TestPush) ... ok
test_missing_session (bokeh.tests.test_io.TestPush) ... ok
test_document_arg (bokeh.tests.test_io.TestPush) ... ok
test (bokeh.tests.test_io.TestResetOutput) ... ok
test_explicit_args (bokeh.tests.test_io.TestShow) ... ok
test_default_args (bokeh.tests.test_io.TestShow) ... ok
test_missing_title (bokeh.tests.test_io.Test_GetSaveArgs) ... ok
test_missing_resources (bokeh.tests.test_io.Test_GetSaveArgs) ... ok
test_missing_filename (bokeh.tests.test_io.Test_GetSaveArgs) ... ok
test_explicit_title (bokeh.tests.test_io.Test_GetSaveArgs) ... ok
test_explicit_resources (bokeh.tests.test_io.Test_GetSaveArgs) ... ok
test_explicit_filename (bokeh.tests.test_io.Test_GetSaveArgs) ... ok
test_default_title (bokeh.tests.test_io.Test_GetSaveArgs) ... ok
test_default_resources (bokeh.tests.test_io.Test_GetSaveArgs) ... ok
test_default_filename (bokeh.tests.test_io.Test_GetSaveArgs) ... ok
test (bokeh.tests.test_io.Test_ShowFileWithState) ... ok
test_with_server (bokeh.tests.test_io.Test_ShowNotebookWithState) ... ok
test_no_server (bokeh.tests.test_io.Test_ShowNotebookWithState) ... ok
test (bokeh.tests.test_io.Test_ShowServerWithState) ... ok
test_notebook (bokeh.tests.test_io.Test_ShowWithState) ... ok
test_no_notebook (bokeh.tests.test_io.Test_ShowWithState) ... ok
test_with_request (bokeh.tests.test_io.testCurdoc) ... ok
test (bokeh.tests.test_io.testCurdoc) ... ok
test (bokeh.tests.test_io.testCursession) ... ok
test_noarg (bokeh.tests.test_io.testOutputFile) ... ok
test_args (bokeh.tests.test_io.testOutputFile) ... ok
test_init (bokeh.tests.test_models_ranges.TestFactorRange) ... ok
test_init (bokeh.tests.test_models_ranges.TestRange1d) ... ok
test_references_large (bokeh.tests.test_objects.TestCollectPlotObjects) ... ok
test_references_in_containers (bokeh.tests.test_objects.TestPlotObject) ... ok
test_references_by_ref_by_value (bokeh.tests.test_objects.TestPlotObject) ... ok
test_ref (bokeh.tests.test_objects.TestPlotObject) ... ok
test_load_json (bokeh.tests.test_objects.TestPlotObject) ... ok
test_init (bokeh.tests.test_objects.TestPlotObject) ... ok
test_metaclassing (bokeh.tests.test_objects.TestViewable) ... ok
test_get_class (bokeh.tests.test_objects.TestViewable) ... ok
test_ygrid (bokeh.tests.test_plotting.TestFigure) ... ok
test_yaxis (bokeh.tests.test_plotting.TestFigure) ... ok
test_xgrid (bokeh.tests.test_plotting.TestFigure) ... ok
test_xaxis (bokeh.tests.test_plotting.TestFigure) ... ok
test_tools (bokeh.tests.test_plotting.TestFigure) ... ok
test_legend (bokeh.tests.test_plotting.TestFigure) ... ok
test_grid (bokeh.tests.test_plotting.TestFigure) ... ok
test_basic (bokeh.tests.test_plotting.TestFigure) ... ok
test_axis (bokeh.tests.test_plotting.TestFigure) ... ok
test_render_level (bokeh.tests.test_plotting.TestMarkers) ... ok
test_mixed_inputs (bokeh.tests.test_plotting.TestMarkers) ... ok
test_color_input_int (bokeh.tests.test_plotting.TestMarkers) ... ok
test_color_input_float (bokeh.tests.test_plotting.TestMarkers) ... ok
test_simple_class (bokeh.tests.test_properties.Basictest) ... ok
test_set (bokeh.tests.test_properties.Basictest) ... ok
test_no_parens (bokeh.tests.test_properties.Basictest) ... ok
test_inheritance (bokeh.tests.test_properties.Basictest) ... ok
test_enum (bokeh.tests.test_properties.Basictest) ... ok
test_tuple_value (bokeh.tests.test_properties.TestColorSpec) ... ok
test_set_dict (bokeh.tests.test_properties.TestColorSpec) ... ok
test_named_value_unset (bokeh.tests.test_properties.TestColorSpec) ... ok
test_named_value_set_none (bokeh.tests.test_properties.TestColorSpec) ... ok
test_named_value (bokeh.tests.test_properties.TestColorSpec) ... ok
test_named_color_overriding_default (bokeh.tests.test_properties.TestColorSpec) ... ok
test_hex_value (bokeh.tests.test_properties.TestColorSpec) ... ok
test_fixed_value (bokeh.tests.test_properties.TestColorSpec) ... ok
test_field_default (bokeh.tests.test_properties.TestColorSpec) ... ok
test_field (bokeh.tests.test_properties.TestColorSpec) ... ok
test_default_tuple (bokeh.tests.test_properties.TestColorSpec) ... ok
test_string (bokeh.tests.test_properties.TestDashPattern) ... ok
test_named (bokeh.tests.test_properties.TestDashPattern) ... ok
test_list (bokeh.tests.test_properties.TestDashPattern) ... ok
test_invalid (bokeh.tests.test_properties.TestDashPattern) ... ok
test_value (bokeh.tests.test_properties.TestNumberSpec) ... ok
test_multiple_instances (bokeh.tests.test_properties.TestNumberSpec) ... ok
test_field (bokeh.tests.test_properties.TestNumberSpec) ... ok
test_default (bokeh.tests.test_properties.TestNumberSpec) ... ok
test_Tuple (bokeh.tests.test_properties.TestProperties) ... ok
test_String (bokeh.tests.test_properties.TestProperties) ... ok
test_Size (bokeh.tests.test_properties.TestProperties) ... ok
test_Regex (bokeh.tests.test_properties.TestProperties) ... ok
test_Percent (bokeh.tests.test_properties.TestProperties) ... ok
test_List (bokeh.tests.test_properties.TestProperties) ... ok
test_Interval (bokeh.tests.test_properties.TestProperties) ... ok
test_Int (bokeh.tests.test_properties.TestProperties) ... ok
test_Instance (bokeh.tests.test_properties.TestProperties) ... ok
test_Float (bokeh.tests.test_properties.TestProperties) ... ok
test_Enum (bokeh.tests.test_properties.TestProperties) ... ok
test_Either (bokeh.tests.test_properties.TestProperties) ... ok
test_Dict (bokeh.tests.test_properties.TestProperties) ... ok
test_DashPattern (bokeh.tests.test_properties.TestProperties) ... ok
test_Complex (bokeh.tests.test_properties.TestProperties) ... ok
test_Color (bokeh.tests.test_properties.TestProperties) ... ok
test_Bool (bokeh.tests.test_properties.TestProperties) ... ok
test_Any (bokeh.tests.test_properties.TestProperties) ... ok
test_Angle (bokeh.tests.test_properties.TestProperties) ... ok
test_Align (bokeh.tests.test_properties.TestProperties) ... ok
test_HasProps_clone (bokeh.tests.test_properties) ... ok
test_pd_timestamp (bokeh.tests.test_protocol.TestBokehJSONEncoder) ... ok
test_panda_series (bokeh.tests.test_protocol.TestBokehJSONEncoder) ... ok
test_numpyint (bokeh.tests.test_protocol.TestBokehJSONEncoder) ... ok
test_numpyfloat (bokeh.tests.test_protocol.TestBokehJSONEncoder) ... ok
test_numpybool_ (bokeh.tests.test_protocol.TestBokehJSONEncoder) ... ok
test_numpyarray (bokeh.tests.test_protocol.TestBokehJSONEncoder) ... ok
test_fail (bokeh.tests.test_protocol.TestBokehJSONEncoder) ... ok
test_with_pd_series (bokeh.tests.test_protocol.TestSerializeJson) ... ok
test_with_np_array (bokeh.tests.test_protocol.TestSerializeJson) ... ok
test_with_basic (bokeh.tests.test_protocol.TestSerializeJson) ... ok
test_nans_and_infs_pandas (bokeh.tests.test_protocol.TestSerializeJson) ... ok
test_nans_and_infs (bokeh.tests.test_protocol.TestSerializeJson) ... ok
test_datetime_types (bokeh.tests.test_protocol.TestSerializeJson) ... ok
test_type (bokeh.tests.test_query.TestFind) ... ok
test_tags_with_string (bokeh.tests.test_query.TestFind) ... ok
test_tags_with_seq (bokeh.tests.test_query.TestFind) ... ok
test_ops (bokeh.tests.test_query.TestFind) ... ok
test_name (bokeh.tests.test_query.TestFind) ... ok
test_in (bokeh.tests.test_query.TestFind) ... ok
test_disjuction (bokeh.tests.test_query.TestFind) ... ok
test_conjuction (bokeh.tests.test_query.TestFind) ... ok
test_type (bokeh.tests.test_query.TestMatch) ... ok
test_server_dev (bokeh.tests.test_resources.TestResources) ... ok
test_server (bokeh.tests.test_resources.TestResources) ... ok
test_relative_dev (bokeh.tests.test_resources.TestResources) ... ok
test_relative (bokeh.tests.test_resources.TestResources) ... ok
test_module_attrs (bokeh.tests.test_resources.TestResources) ... ok
test_log_level (bokeh.tests.test_resources.TestResources) ... ok
test_inline (bokeh.tests.test_resources.TestResources) ... ok
test_get_cdn_urls (bokeh.tests.test_resources.TestResources) ... ok
test_cdn (bokeh.tests.test_resources.TestResources) ... ok
test_basic (bokeh.tests.test_resources.TestResources) ... ok
test_argument_checks (bokeh.tests.test_resources.TestResources) ... ok
test_absolute_dev (bokeh.tests.test_resources.TestResources) ... ok
test_absolute (bokeh.tests.test_resources.TestResources) ... ok
test_without_numpy (bokeh.tests.test_serialization.TestTraverseData) ... ok
test_with_numpy (bokeh.tests.test_serialization.TestTraverseData) ... ok
test_return_valid_json (bokeh.tests.test_serialization.TestTraverseData) ... ok
test_init_pandas_data_kwarg (bokeh.tests.test_sources.TestColumnDataSourcs) ... ok
test_init_pandas_arg (bokeh.tests.test_sources.TestColumnDataSourcs) ... ok
test_init_dict_data_kwarg (bokeh.tests.test_sources.TestColumnDataSourcs) ... ok
test_init_dict_arg (bokeh.tests.test_sources.TestColumnDataSourcs) ... ok
test_remove_exists2 (bokeh.tests.test_sources.TestColumnDataSourcs) ... ok
test_remove_exists (bokeh.tests.test_sources.TestColumnDataSourcs) ... ok
test_basic (bokeh.tests.test_sources.TestColumnDataSourcs) ... ok
test_add_without_name (bokeh.tests.test_sources.TestColumnDataSourcs) ... ok
test_add_with_name (bokeh.tests.test_sources.TestColumnDataSourcs) ... ok
test_add_with_and_without_name (bokeh.tests.test_sources.TestColumnDataSourcs) ... ok
test_basic (bokeh.tests.test_sources.TestServerDataSources) ... ok
test_reset (bokeh.tests.test_state.TestState) ... ok
test_output_server (bokeh.tests.test_state.TestState) ... ok
test_output_notebook_noarg (bokeh.tests.test_state.TestState) ... ok
test_output_notebook_args (bokeh.tests.test_state.TestState) ... ok
test_output_file_file_exists (bokeh.tests.test_state.TestState) ... ok
test_output_file (bokeh.tests.test_state.TestState) ... ok
test_default_file_resources (bokeh.tests.test_state.TestState) ... ok
test_creation (bokeh.tests.test_state.TestState) ... ok
test_props_defaults (bokeh.tests.test_widgets.TestDialog) ... ok
test_expected_props (bokeh.tests.test_widgets.TestDialog) ... ok
test_props_defaults (bokeh.tests.test_widgets.TestLayout) ... ok
test_expected_props (bokeh.tests.test_widgets.TestLayout) ... ok
test_prop_defaults (bokeh.tests.test_widgets.TestPanel) ... ok
test_expectedprops (bokeh.tests.test_widgets.TestPanel) ... ok
test_props_defaults (bokeh.tests.test_widgets.TestTabs) ... ok
test_expected_props (bokeh.tests.test_widgets.TestTabs) ... ok
